2021-06-17 10:05:22.344  INFO 2997 --- [Thread-2] o.s.s.concurrent.ThreadPoolTaskExecutor  : Shutting down ExecutorService 'applicationTaskExecutor'
2021-06-17 10:05:22.377  INFO 2997 --- [Thread-2] j.LocalContainerEntityManagerFactoryBean : Closing JPA EntityManagerFactory for persistence unit 'default'
2021-06-17 10:05:22.405  INFO 2997 --- [Thread-2] com.zaxxer.hikari.HikariDataSource       : HikariPool-1 - Shutdown initiated...
2021-06-17 10:05:22.413  INFO 2997 --- [Thread-2] com.zaxxer.hikari.HikariDataSource       : HikariPool-1 - Shutdown completed.
2021-06-17 10:27:31.756  INFO 44079 --- [main] c.b.security.NewdealSecurityApplication  : Starting NewdealSecurityApplication on gimmingyuui-MacBookPro.local with PID 44079 (/Users/broadwave/Downloads/project/newdeal-security/target/classes started by broadwave in /Users/broadwave/Downloads/project/newdeal-security)
2021-06-17 10:27:31.760  INFO 44079 --- [main] c.b.security.NewdealSecurityApplication  : No active profile set, falling back to default profiles: default
2021-06-17 10:27:32.561  INFO 44079 --- [main] .s.d.r.c.RepositoryConfigurationDelegate : Bootstrapping Spring Data repositories in DEFAULT mode.
2021-06-17 10:27:32.684  INFO 44079 --- [main] .s.d.r.c.RepositoryConfigurationDelegate : Finished Spring Data repository scanning in 112ms. Found 2 repository interfaces.
2021-06-17 10:27:33.199  INFO 44079 --- [main] trationDelegate$BeanPostProcessorChecker : Bean 'org.springframework.transaction.annotation.ProxyTransactionManagementConfiguration' of type [org.springframework.transaction.annotation.ProxyTransactionManagementConfiguration$$EnhancerBySpringCGLIB$$8968f841] is not eligible for getting processed by all BeanPostProcessors (for example: not eligible for auto-proxying)
2021-06-17 10:27:33.874  INFO 44079 --- [main] o.s.b.w.embedded.tomcat.TomcatWebServer  : Tomcat initialized with port(s): 8012 (http)
2021-06-17 10:27:33.911  INFO 44079 --- [main] o.apache.catalina.core.StandardService   : Starting service [Tomcat]
2021-06-17 10:27:33.912  INFO 44079 --- [main] org.apache.catalina.core.StandardEngine  : Starting Servlet engine: [Apache Tomcat/9.0.16]
2021-06-17 10:27:33.922  INFO 44079 --- [main] o.a.catalina.core.AprLifecycleListener   : The APR based Apache Tomcat Native library which allows optimal performance in production environments was not found on the java.library.path: [/Users/broadwave/Library/Java/Extensions:/Library/Java/Extensions:/Network/Library/Java/Extensions:/System/Library/Java/Extensions:/usr/lib/java:.]
2021-06-17 10:27:34.126  INFO 44079 --- [main] o.a.c.c.C.[Tomcat].[localhost].[/]       : Initializing Spring embedded WebApplicationContext
2021-06-17 10:27:34.126  INFO 44079 --- [main] o.s.web.context.ContextLoader            : Root WebApplicationContext: initialization completed in 2332 ms
2021-06-17 10:27:34.314  WARN 44079 --- [main] com.zaxxer.hikari.HikariConfig           : HikariPool-1 - maxLifetime is less than 30000ms, setting to default 1800000ms.
2021-06-17 10:27:34.314  WARN 44079 --- [main] com.zaxxer.hikari.HikariConfig           : HikariPool-1 - idleTimeout is less than 10000ms, setting to default 600000ms.
2021-06-17 10:27:34.314  INFO 44079 --- [main] com.zaxxer.hikari.HikariDataSource       : HikariPool-1 - Starting...
2021-06-17 10:27:34.407  INFO 44079 --- [main] com.zaxxer.hikari.HikariDataSource       : HikariPool-1 - Start completed.
2021-06-17 10:27:34.469  INFO 44079 --- [main] o.hibernate.jpa.internal.util.LogHelper  : HHH000204: Processing PersistenceUnitInfo [
	name: default
	...]
2021-06-17 10:27:34.549  INFO 44079 --- [main] org.hibernate.Version                    : HHH000412: Hibernate Core {5.3.7.Final}
2021-06-17 10:27:34.551  INFO 44079 --- [main] org.hibernate.cfg.Environment            : HHH000206: hibernate.properties not found
2021-06-17 10:27:34.734  INFO 44079 --- [main] o.hibernate.annotations.common.Version   : HCANN000001: Hibernate Commons Annotations {5.0.4.Final}
2021-06-17 10:27:34.918  INFO 44079 --- [main] org.hibernate.dialect.Dialect            : HHH000400: Using dialect: org.hibernate.dialect.MariaDB10Dialect
2021-06-17 10:27:35.456  INFO 44079 --- [main] j.LocalContainerEntityManagerFactoryBean : Initialized JPA EntityManagerFactory for persistence unit 'default'
2021-06-17 10:27:36.009  INFO 44079 --- [main] o.s.s.web.DefaultSecurityFilterChain     : Creating filter chain: any request, [org.springframework.security.web.context.request.async.WebAsyncManagerIntegrationFilter@2b15ba1a, org.springframework.security.web.context.SecurityContextPersistenceFilter@4de93edd, org.springframework.security.web.header.HeaderWriterFilter@34eb5d01, org.springframework.security.web.authentication.logout.LogoutFilter@2d2133fd, com.broadwave.security.jwt.JwtFilter@796fe2b5, org.springframework.security.web.savedrequest.RequestCacheAwareFilter@29db008c, org.springframework.security.web.servletapi.SecurityContextHolderAwareRequestFilter@4067634b, org.springframework.security.web.authentication.AnonymousAuthenticationFilter@5a6af2c4, org.springframework.security.web.session.SessionManagementFilter@5b1420f9, org.springframework.security.web.access.ExceptionTranslationFilter@4d5ea776, org.springframework.security.web.access.intercept.FilterSecurityInterceptor@6c56fff]
2021-06-17 10:27:36.177  INFO 44079 --- [main] o.s.s.concurrent.ThreadPoolTaskExecutor  : Initializing ExecutorService 'applicationTaskExecutor'
2021-06-17 10:27:36.207  WARN 44079 --- [main] aWebConfiguration$JpaWebMvcConfiguration : spring.jpa.open-in-view is enabled by default. Therefore, database queries may be performed during view rendering. Explicitly configure spring.jpa.open-in-view to disable this warning
2021-06-17 10:27:36.450  INFO 44079 --- [main] o.s.b.w.embedded.tomcat.TomcatWebServer  : Tomcat started on port(s): 8012 (http) with context path ''
2021-06-17 10:27:36.455  INFO 44079 --- [main] c.b.security.NewdealSecurityApplication  : Started NewdealSecurityApplication in 5.04 seconds (JVM running for 5.847)
2021-06-17 10:27:36.596  INFO 44079 --- [main] o.h.h.i.QueryTranslatorFactoryInitiator  : HHH000397: Using ASTQueryTranslatorFactory
2021-06-17 10:27:36.745  INFO 44079 --- [main] com.broadwave.security.config.AppRunner  : admin 계정존재
2021-06-17 10:38:44.601  INFO 44079 --- [http-nio-8012-exec-1] o.a.c.c.C.[Tomcat].[localhost].[/]       : Initializing Spring DispatcherServlet 'dispatcherServlet'
2021-06-17 10:38:44.603  INFO 44079 --- [http-nio-8012-exec-1] o.s.web.servlet.DispatcherServlet        : Initializing Servlet 'dispatcherServlet'
2021-06-17 10:38:44.612  INFO 44079 --- [http-nio-8012-exec-1] o.s.web.servlet.DispatcherServlet        : Completed initialization in 9 ms
2021-06-17 10:38:44.717  INFO 44079 --- [http-nio-8012-exec-2] c.b.security.controller.AuthController   : accountRequestDto 아이디 : admin
2021-06-17 10:38:44.718  INFO 44079 --- [http-nio-8012-exec-2] c.b.security.controller.AuthController   : accountRequestDto 비밀번호 : 123789
2021-06-17 10:38:44.726  WARN 44079 --- [http-nio-8012-exec-2] com.zaxxer.hikari.pool.PoolBase          : HikariPool-1 - Failed to validate connection org.mariadb.jdbc.MariaDbConnection@73799bbc (Connection.setNetworkTimeout cannot be called on a closed connection). Possibly consider using a shorter maxLifetime value.
2021-06-17 10:38:44.727  WARN 44079 --- [http-nio-8012-exec-2] com.zaxxer.hikari.pool.PoolBase          : HikariPool-1 - Failed to validate connection org.mariadb.jdbc.MariaDbConnection@75245703 (Connection.setNetworkTimeout cannot be called on a closed connection). Possibly consider using a shorter maxLifetime value.
2021-06-17 10:38:44.728  WARN 44079 --- [http-nio-8012-exec-2] com.zaxxer.hikari.pool.PoolBase          : HikariPool-1 - Failed to validate connection org.mariadb.jdbc.MariaDbConnection@4abf9660 (Connection.setNetworkTimeout cannot be called on a closed connection). Possibly consider using a shorter maxLifetime value.
2021-06-17 10:38:44.729  WARN 44079 --- [http-nio-8012-exec-2] com.zaxxer.hikari.pool.PoolBase          : HikariPool-1 - Failed to validate connection org.mariadb.jdbc.MariaDbConnection@27de6774 (Connection.setNetworkTimeout cannot be called on a closed connection). Possibly consider using a shorter maxLifetime value.
2021-06-17 10:38:44.730  WARN 44079 --- [http-nio-8012-exec-2] com.zaxxer.hikari.pool.PoolBase          : HikariPool-1 - Failed to validate connection org.mariadb.jdbc.MariaDbConnection@17a6eade (Connection.setNetworkTimeout cannot be called on a closed connection). Possibly consider using a shorter maxLifetime value.
2021-06-17 10:38:44.731  WARN 44079 --- [http-nio-8012-exec-2] com.zaxxer.hikari.pool.PoolBase          : HikariPool-1 - Failed to validate connection org.mariadb.jdbc.MariaDbConnection@40ed2b66 (Connection.setNetworkTimeout cannot be called on a closed connection). Possibly consider using a shorter maxLifetime value.
2021-06-17 10:38:44.732  WARN 44079 --- [http-nio-8012-exec-2] com.zaxxer.hikari.pool.PoolBase          : HikariPool-1 - Failed to validate connection org.mariadb.jdbc.MariaDbConnection@76d7b98d (Connection.setNetworkTimeout cannot be called on a closed connection). Possibly consider using a shorter maxLifetime value.
2021-06-17 10:38:44.733  WARN 44079 --- [http-nio-8012-exec-2] com.zaxxer.hikari.pool.PoolBase          : HikariPool-1 - Failed to validate connection org.mariadb.jdbc.MariaDbConnection@226695e4 (Connection.setNetworkTimeout cannot be called on a closed connection). Possibly consider using a shorter maxLifetime value.
2021-06-17 10:38:44.733  WARN 44079 --- [http-nio-8012-exec-2] com.zaxxer.hikari.pool.PoolBase          : HikariPool-1 - Failed to validate connection org.mariadb.jdbc.MariaDbConnection@2367b6c (Connection.setNetworkTimeout cannot be called on a closed connection). Possibly consider using a shorter maxLifetime value.
2021-06-17 10:38:44.734  WARN 44079 --- [http-nio-8012-exec-2] com.zaxxer.hikari.pool.PoolBase          : HikariPool-1 - Failed to validate connection org.mariadb.jdbc.MariaDbConnection@2ba9c657 (Connection.setNetworkTimeout cannot be called on a closed connection). Possibly consider using a shorter maxLifetime value.
2021-06-17 10:38:44.929  INFO 44079 --- [http-nio-8012-exec-2] c.b.security.service.AuthService         : 검증 : org.springframework.security.authentication.UsernamePasswordAuthenticationToken@4525caad: Principal: org.springframework.security.core.userdetails.User@586034f: Username: admin; Password: [PROTECTED]; Enabled: true; AccountNonExpired: true; credentialsNonExpired: true; AccountNonLocked: true; Granted Authorities: ROLE_ADMIN; Credentials: [PROTECTED]; Authenticated: true; Details: null; Granted Authorities: ROLE_ADMIN
2021-06-17 10:38:45.012  INFO 44079 --- [http-nio-8012-exec-2] c.b.security.service.AuthService         : 인증 정보를 기반으로 JWT 토큰 생성 : com.broadwave.security.controller.dto.TokenDto@51c4c65b
2021-06-17 10:38:45.013  INFO 44079 --- [http-nio-8012-exec-2] c.b.security.service.AuthService         : RefreshToken 저장 : eyJhbGciOiJIUzUxMiJ9.eyJleHAiOjE2MjQ0OTg3MjR9.EOMNKKCCMZa_ddkR8KKCDNwixIwbo5zXcThbPff6r_JbFPk2VXYLxsvQxXFu9Vfa9Vf7T5jnhc8KKrQpMonY3A
2021-06-17 10:44:28.008  INFO 44079 --- [Thread-2] o.s.s.concurrent.ThreadPoolTaskExecutor  : Shutting down ExecutorService 'applicationTaskExecutor'
2021-06-17 10:44:28.010  INFO 44079 --- [Thread-2] j.LocalContainerEntityManagerFactoryBean : Closing JPA EntityManagerFactory for persistence unit 'default'
2021-06-17 10:44:28.012  INFO 44079 --- [Thread-2] com.zaxxer.hikari.HikariDataSource       : HikariPool-1 - Shutdown initiated...
2021-06-17 10:44:28.045  INFO 44079 --- [Thread-2] com.zaxxer.hikari.HikariDataSource       : HikariPool-1 - Shutdown completed.
2021-06-17 10:44:32.969  INFO 44799 --- [main] c.b.security.NewdealSecurityApplication  : Starting NewdealSecurityApplication on gimmingyuui-MacBookPro.local with PID 44799 (/Users/broadwave/Downloads/project/newdeal-security/target/classes started by broadwave in /Users/broadwave/Downloads/project/newdeal-security)
2021-06-17 10:44:32.972  INFO 44799 --- [main] c.b.security.NewdealSecurityApplication  : No active profile set, falling back to default profiles: default
2021-06-17 10:44:34.394  INFO 44799 --- [main] .s.d.r.c.RepositoryConfigurationDelegate : Bootstrapping Spring Data repositories in DEFAULT mode.
2021-06-17 10:44:34.682  INFO 44799 --- [main] .s.d.r.c.RepositoryConfigurationDelegate : Finished Spring Data repository scanning in 273ms. Found 2 repository interfaces.
2021-06-17 10:44:35.637  INFO 44799 --- [main] trationDelegate$BeanPostProcessorChecker : Bean 'org.springframework.transaction.annotation.ProxyTransactionManagementConfiguration' of type [org.springframework.transaction.annotation.ProxyTransactionManagementConfiguration$$EnhancerBySpringCGLIB$$52803c95] is not eligible for getting processed by all BeanPostProcessors (for example: not eligible for auto-proxying)
2021-06-17 10:44:36.142  INFO 44799 --- [main] o.s.b.w.embedded.tomcat.TomcatWebServer  : Tomcat initialized with port(s): 8012 (http)
2021-06-17 10:44:36.176  INFO 44799 --- [main] o.apache.catalina.core.StandardService   : Starting service [Tomcat]
2021-06-17 10:44:36.177  INFO 44799 --- [main] org.apache.catalina.core.StandardEngine  : Starting Servlet engine: [Apache Tomcat/9.0.16]
2021-06-17 10:44:36.183  INFO 44799 --- [main] o.a.catalina.core.AprLifecycleListener   : The APR based Apache Tomcat Native library which allows optimal performance in production environments was not found on the java.library.path: [/Users/broadwave/Library/Java/Extensions:/Library/Java/Extensions:/Network/Library/Java/Extensions:/System/Library/Java/Extensions:/usr/lib/java:.]
2021-06-17 10:44:36.357  INFO 44799 --- [main] o.a.c.c.C.[Tomcat].[localhost].[/]       : Initializing Spring embedded WebApplicationContext
2021-06-17 10:44:36.357  INFO 44799 --- [main] o.s.web.context.ContextLoader            : Root WebApplicationContext: initialization completed in 3352 ms
2021-06-17 10:44:36.777  WARN 44799 --- [main] com.zaxxer.hikari.HikariConfig           : {} - idleTimeout has been set but has no effect because the pool is operating as a fixed size pool.
2021-06-17 10:44:36.778  INFO 44799 --- [main] com.zaxxer.hikari.HikariDataSource       : HikariPool-1 - Starting...
2021-06-17 10:44:36.855  INFO 44799 --- [main] com.zaxxer.hikari.HikariDataSource       : HikariPool-1 - Start completed.
2021-06-17 10:44:36.930  INFO 44799 --- [main] o.hibernate.jpa.internal.util.LogHelper  : HHH000204: Processing PersistenceUnitInfo [
	name: default
	...]
2021-06-17 10:44:37.024  INFO 44799 --- [main] org.hibernate.Version                    : HHH000412: Hibernate Core {5.3.7.Final}
2021-06-17 10:44:37.029  INFO 44799 --- [main] org.hibernate.cfg.Environment            : HHH000206: hibernate.properties not found
2021-06-17 10:44:37.231  INFO 44799 --- [main] o.hibernate.annotations.common.Version   : HCANN000001: Hibernate Commons Annotations {5.0.4.Final}
2021-06-17 10:44:37.866  INFO 44799 --- [main] org.hibernate.dialect.Dialect            : HHH000400: Using dialect: org.hibernate.dialect.MariaDB10Dialect
2021-06-17 10:44:39.599  INFO 44799 --- [main] j.LocalContainerEntityManagerFactoryBean : Initialized JPA EntityManagerFactory for persistence unit 'default'
2021-06-17 10:44:40.253  INFO 44799 --- [main] o.s.s.web.DefaultSecurityFilterChain     : Creating filter chain: any request, [org.springframework.security.web.context.request.async.WebAsyncManagerIntegrationFilter@71f056a, org.springframework.security.web.context.SecurityContextPersistenceFilter@240f2efd, org.springframework.security.web.header.HeaderWriterFilter@7509226c, org.springframework.security.web.authentication.logout.LogoutFilter@e7b3e54, com.broadwave.security.jwt.JwtFilter@64f6dd19, org.springframework.security.web.savedrequest.RequestCacheAwareFilter@1b7a4930, org.springframework.security.web.servletapi.SecurityContextHolderAwareRequestFilter@2a504ea7, org.springframework.security.web.authentication.AnonymousAuthenticationFilter@3b8b5b40, org.springframework.security.web.session.SessionManagementFilter@231d3ce, org.springframework.security.web.access.ExceptionTranslationFilter@622ba721, org.springframework.security.web.access.intercept.FilterSecurityInterceptor@391b01c5]
2021-06-17 10:44:40.428  INFO 44799 --- [main] o.s.s.concurrent.ThreadPoolTaskExecutor  : Initializing ExecutorService 'applicationTaskExecutor'
2021-06-17 10:44:40.467  WARN 44799 --- [main] aWebConfiguration$JpaWebMvcConfiguration : spring.jpa.open-in-view is enabled by default. Therefore, database queries may be performed during view rendering. Explicitly configure spring.jpa.open-in-view to disable this warning
2021-06-17 10:44:40.718  INFO 44799 --- [main] o.s.b.w.embedded.tomcat.TomcatWebServer  : Tomcat started on port(s): 8012 (http) with context path ''
2021-06-17 10:44:40.721  INFO 44799 --- [main] c.b.security.NewdealSecurityApplication  : Started NewdealSecurityApplication in 8.054 seconds (JVM running for 9.095)
2021-06-17 10:44:40.873  INFO 44799 --- [main] o.h.h.i.QueryTranslatorFactoryInitiator  : HHH000397: Using ASTQueryTranslatorFactory
2021-06-17 10:44:41.125  INFO 44799 --- [main] com.broadwave.security.config.AppRunner  : admin 계정존재
2021-06-17 10:44:56.571  INFO 44799 --- [http-nio-8012-exec-1] o.a.c.c.C.[Tomcat].[localhost].[/]       : Initializing Spring DispatcherServlet 'dispatcherServlet'
2021-06-17 10:44:56.572  INFO 44799 --- [http-nio-8012-exec-1] o.s.web.servlet.DispatcherServlet        : Initializing Servlet 'dispatcherServlet'
2021-06-17 10:44:56.578  INFO 44799 --- [http-nio-8012-exec-1] o.s.web.servlet.DispatcherServlet        : Completed initialization in 6 ms
2021-06-17 10:44:56.657  INFO 44799 --- [http-nio-8012-exec-1] c.b.security.controller.AuthController   : accountRequestDto 아이디 : admin
2021-06-17 10:44:56.657  INFO 44799 --- [http-nio-8012-exec-1] c.b.security.controller.AuthController   : accountRequestDto 비밀번호 : 123789
2021-06-17 10:44:56.834  INFO 44799 --- [http-nio-8012-exec-1] c.b.security.service.AuthService         : 검증 : org.springframework.security.authentication.UsernamePasswordAuthenticationToken@4525caad: Principal: org.springframework.security.core.userdetails.User@586034f: Username: admin; Password: [PROTECTED]; Enabled: true; AccountNonExpired: true; credentialsNonExpired: true; AccountNonLocked: true; Granted Authorities: ROLE_ADMIN; Credentials: [PROTECTED]; Authenticated: true; Details: null; Granted Authorities: ROLE_ADMIN
2021-06-17 10:44:56.892  INFO 44799 --- [http-nio-8012-exec-1] c.b.security.service.AuthService         : 인증 정보를 기반으로 JWT 토큰 생성 : com.broadwave.security.controller.dto.TokenDto@6124ce80
2021-06-17 10:44:56.893  INFO 44799 --- [http-nio-8012-exec-1] c.b.security.service.AuthService         : RefreshToken 저장 : eyJhbGciOiJIUzUxMiJ9.eyJleHAiOjE2MjQ0OTkwOTZ9.8QNd_5gjCezvvxfdvOYcWthCLgz9b0fAjKXpoItistQ5tHV6-TMiUK3jA6TDAob8KURMHwpwbY7Wez85IlPSZw
